<?xml version="1.0" encoding="UTF-8"?>
<!-- Generated by org.testng.reporters.JUnitXMLReporter -->
<testsuite ignored="0" hostname="DESKTOP-0MDKGSP" failures="0" tests="4" name="Default test" time="7.79" errors="0" timestamp="2022-08-13T22:53:41 CDT">
  <testcase classname="test.AddCustomerTest" name="loginTest1" time="3.987"/>
  <testcase classname="test.AddCustomerTest" name="loginTest2" time="1.367"/>
  <testcase classname="test.AddCustomerTest" name="loginTest3" time="0.012"/>
  <testcase classname="test.AddCustomerTest" name="loginTest4" time="2.356"/>
</testsuite> <!-- Default test -->
